  [1m[36m (0.8ms)[0m  [1mCREATE TABLE "activities" ("id" INTEGER PRIMARY KEY AUTOINCREMENT NOT NULL, "timestamp" datetime, "name" varchar(255), "activity_type" integer, "confidence" integer, "app_session_id" integer, "device_id" integer, "created_at" datetime, "updated_at" datetime) [0m
  [1m[35m (0.6ms)[0m  CREATE TABLE "app_sessions" ("id" INTEGER PRIMARY KEY AUTOINCREMENT NOT NULL, "timestamp_start" datetime, "timestamp_end" datetime, "timestamp_duration" datetime, "device_id" integer, "created_at" datetime, "updated_at" datetime) 
  [1m[36m (0.6ms)[0m  [1mCREATE TABLE "app_usages" ("id" INTEGER PRIMARY KEY AUTOINCREMENT NOT NULL, "app_name" varchar(255), "package_name" varchar(255), "version_name" varchar(255), "version_code" integer, "base_activity" varchar(255), "top_activity" varchar(255), "first_install_time" datetime, "last_update_time" datetime, "app_session_id" integer, "created_at" datetime, "updated_at" datetime, "device_id" integer, "app_category" varchar(255)) [0m
  [1m[35m (0.6ms)[0m  CREATE TABLE "devices" ("id" INTEGER PRIMARY KEY AUTOINCREMENT NOT NULL, "user_name" varchar(255), "mongo_id" varchar(255), "uuid" varchar(255), "android_id" varchar(255), "os_version" varchar(255), "model" varchar(255), "product" varchar(255), "manufacturer" varchar(255), "brand" varchar(255), "created_at" datetime, "updated_at" datetime) 
  [1m[36m (0.5ms)[0m  [1mCREATE TABLE "location_clusters" ("id" INTEGER PRIMARY KEY AUTOINCREMENT NOT NULL, "latitude" float, "longitude" float, "device_id" integer, "created_at" datetime, "updated_at" datetime, "address" varchar(255), "label" varchar(255)) [0m
  [1m[35m (0.6ms)[0m  CREATE TABLE "locations" ("id" INTEGER PRIMARY KEY AUTOINCREMENT NOT NULL, "timestamp" datetime, "elapsed_realtime_nanos" integer, "provider" varchar(255), "latitude" float, "longitude" float, "altitude" float, "speed" float, "accuracy" float, "app_session_id" integer, "device_id" integer, "cluster" integer, "created_at" datetime, "updated_at" datetime) 
  [1m[36m (0.6ms)[0m  [1mCREATE TABLE "system_settings" ("id" INTEGER PRIMARY KEY AUTOINCREMENT NOT NULL, "timestamp" datetime, "airplane_mode" integer, "bluetooth" integer, "data_roaming" integer, "development_settings_enabled" integer, "http_proxy" varchar(255), "mode_ringer" varchar(255), "volume_alarm" varchar(255), "volume_music" varchar(255), "volume_notification" varchar(255), "volume_ring" varchar(255), "volume_system" varchar(255), "volume_voice" varchar(255), "network_preference" varchar(255), "stay_on_while_plugged_in" varchar(255), "usb_mass_storage_enabled" integer, "wifi" integer, "wifi_ssid" varchar(255), "location_mode_3" varchar(255), "location_mode_17" integer, "app_session_id" integer, "device_id" integer, "created_at" datetime, "updated_at" datetime) [0m
  [1m[35m (0.7ms)[0m  CREATE TABLE "schema_migrations" ("version" varchar(255) NOT NULL) 
  [1m[36m (0.1ms)[0m  [1mselect sqlite_version(*)[0m
  [1m[35m (0.6ms)[0m  CREATE UNIQUE INDEX "unique_schema_migrations" ON "schema_migrations" ("version")
  [1m[36m (0.1ms)[0m  [1mSELECT version FROM "schema_migrations"[0m
  [1m[35m (0.5ms)[0m  INSERT INTO "schema_migrations" (version) VALUES ('20140821115453')
  [1m[36mActiveRecord::SchemaMigration Load (0.1ms)[0m  [1mSELECT "schema_migrations".* FROM "schema_migrations"[0m
  [1m[36mActiveRecord::SchemaMigration Load (0.1ms)[0m  [1mSELECT "schema_migrations".* FROM "schema_migrations"[0m


Started GET "/devices" for 127.0.0.1 at 2014-08-25 02:51:44 +0200
Processing by DevicesController#index as HTML
  [1m[36mSQL (2.1ms)[0m  [1mDELETE FROM "devices"[0m
  [1m[35m (0.2ms)[0m  DELETE from sqlite_sequence where name = 'devices'
  [1m[36mSQL (0.9ms)[0m  [1mDELETE FROM "locations"[0m
  [1m[35m (0.1ms)[0m  DELETE from sqlite_sequence where name = 'locations'
  [1m[36mSQL (0.8ms)[0m  [1mDELETE FROM "activities"[0m
  [1m[35m (0.1ms)[0m  DELETE from sqlite_sequence where name = 'activities'
  [1m[36mSQL (1.0ms)[0m  [1mDELETE FROM "app_sessions"[0m
  [1m[35m (0.1ms)[0m  DELETE from sqlite_sequence where name = 'app_sessions'
  [1m[36mSQL (0.9ms)[0m  [1mDELETE FROM "app_usages"[0m
  [1m[35m (0.1ms)[0m  DELETE from sqlite_sequence where name = 'app_usages'
  [1m[36mSQL (1.0ms)[0m  [1mDELETE FROM "system_settings"[0m
  [1m[35m (0.1ms)[0m  DELETE from sqlite_sequence where name = 'system_settings'
  [1m[36mDevice Load (0.1ms)[0m  [1mSELECT "devices".* FROM "devices"[0m
  Rendered devices/index.html.erb within layouts/application (3.6ms)
Completed 200 OK in 126ms (Views: 64.5ms | ActiveRecord: 7.6ms)


Started GET "/devices" for 127.0.0.1 at 2014-08-25 02:51:45 +0200
Processing by DevicesController#index as HTML
  [1m[35mSQL (0.9ms)[0m  DELETE FROM "devices"
  [1m[36m (0.1ms)[0m  [1mDELETE from sqlite_sequence where name = 'devices'[0m
  [1m[35mSQL (0.6ms)[0m  DELETE FROM "locations"
  [1m[36m (0.1ms)[0m  [1mDELETE from sqlite_sequence where name = 'locations'[0m
  [1m[35mSQL (0.6ms)[0m  DELETE FROM "activities"
  [1m[36m (0.1ms)[0m  [1mDELETE from sqlite_sequence where name = 'activities'[0m
  [1m[35mSQL (0.5ms)[0m  DELETE FROM "app_sessions"
  [1m[36m (0.1ms)[0m  [1mDELETE from sqlite_sequence where name = 'app_sessions'[0m
  [1m[35mSQL (0.4ms)[0m  DELETE FROM "app_usages"
  [1m[36m (0.1ms)[0m  [1mDELETE from sqlite_sequence where name = 'app_usages'[0m
  [1m[35mSQL (0.4ms)[0m  DELETE FROM "system_settings"
  [1m[36m (0.1ms)[0m  [1mDELETE from sqlite_sequence where name = 'system_settings'[0m
  [1m[35mDevice Load (0.1ms)[0m  SELECT "devices".* FROM "devices"
  Rendered devices/index.html.erb within layouts/application (0.4ms)
Completed 200 OK in 10ms (Views: 3.5ms | ActiveRecord: 4.1ms)


Started GET "/assets/application.css?body=1" for 127.0.0.1 at 2014-08-25 02:51:45 +0200


Started GET "/assets/welcome.js?body=1" for 127.0.0.1 at 2014-08-25 02:51:45 +0200


Started GET "/assets/application.js?body=1" for 127.0.0.1 at 2014-08-25 02:51:45 +0200


Started GET "/assets/jquery_ujs.js?body=1" for 127.0.0.1 at 2014-08-25 02:51:45 +0200


Started GET "/assets/turbolinks.js?body=1" for 127.0.0.1 at 2014-08-25 02:51:45 +0200


Started GET "/assets/jquery.js?body=1" for 127.0.0.1 at 2014-08-25 02:51:45 +0200
